<?xml version="1.0" encoding="UTF-8"?>
<!-- Generated by org.testng.reporters.JUnitXMLReporter -->
<testsuite ignored="1" hostname="SrinivasBinary" failures="0" tests="6" name="Default test" time="26.74" errors="0" timestamp="2023-04-05T22:15:32 IST">
  <testcase classname="StepDefinition.TestNG_demo_EdgeDriver" name="launch_Application" time="6.177"/>
  <testcase classname="StepDefinition.TestNG_demo_EdgeDriver" name="login" time="0.623"/>
  <testcase classname="StepDefinition.TestNG_demo_EdgeDriver" name="add_product" time="7.355"/>
  <testcase classname="StepDefinition.TestNG_demo_EdgeDriver" name="customer_info" time="0.579"/>
  <testcase classname="StepDefinition.TestNG_demo_EdgeDriver" name="check_out" time="7.202"/>
  <testcase classname="StepDefinition.TestNG_demo_EdgeDriver" name="Logout" time="4.197"/>
  <testcase classname="StepDefinition.TestNG_demo_EdgeDriver" name="paymentDetails" time="0.0">
    <ignored/>
  </testcase> <!-- paymentDetails -->
</testsuite> <!-- Default test -->
