<?xml version="1.0" encoding="UTF-8"?>
<!-- Generated by org.testng.reporters.JUnitXMLReporter -->
<testsuite ignored="1" hostname="SrinivasBinary" failures="0" tests="6" name="Test" time="28.906" errors="0" timestamp="2023-04-05T20:23:17 IST">
  <testcase classname="StepDefinition.TestNG_demo_Class_Parameter" name="launch_Application" time="5.588"/>
  <testcase classname="StepDefinition.TestNG_demo_Class_Parameter" name="login" time="0.507"/>
  <testcase classname="StepDefinition.TestNG_demo_Class_Parameter" name="add_product" time="7.338"/>
  <testcase classname="StepDefinition.TestNG_demo_Class_Parameter" name="customer_info" time="0.532"/>
  <testcase classname="StepDefinition.TestNG_demo_Class_Parameter" name="check_out" time="7.197"/>
  <testcase classname="StepDefinition.TestNG_demo_Class_Parameter" name="Logout" time="7.305"/>
  <testcase classname="StepDefinition.TestNG_demo_Class_Parameter" name="paymentDetails" time="0.0">
    <ignored/>
  </testcase> <!-- paymentDetails -->
</testsuite> <!-- Test -->
