<?xml version="1.0" encoding="UTF-8"?>
<testng-results ignored="1" total="7" passed="6" failed="0" skipped="0">
  <reporter-output>
    <line>
      <![CDATA[Executing launch_Application]]>
    </line>
    <line>
      <![CDATA[adding product ]]>
    </line>
    <line>
      <![CDATA[processing customer_Info]]>
    </line>
    <line>
      <![CDATA[processing check_out]]>
    </line>
    <line>
      <![CDATA[Executing Logout]]>
    </line>
  </reporter-output>
  <suite started-at="2023-04-05T22:15:05 IST" name="Default suite" finished-at="2023-04-05T22:15:32 IST" duration-ms="26740">
    <groups>
    </groups>
    <test started-at="2023-04-05T22:15:05 IST" name="Default test" finished-at="2023-04-05T22:15:32 IST" duration-ms="26740">
      <class name="StepDefinition.TestNG_demo_EdgeDriver">
        <test-method is-config="true" signature="beforeSuite()[pri:0, instance:StepDefinition.TestNG_demo_EdgeDriver@48aca48b]" started-at="2023-04-05T22:15:05 IST" name="beforeSuite" finished-at="2023-04-05T22:15:05 IST" duration-ms="16" status="PASS">
          <reporter-output>
          </reporter-output>
        </test-method> <!-- beforeSuite -->
        <test-method is-config="true" signature="beforeTest()[pri:0, instance:StepDefinition.TestNG_demo_EdgeDriver@48aca48b]" started-at="2023-04-05T22:15:05 IST" name="beforeTest" finished-at="2023-04-05T22:15:05 IST" duration-ms="0" status="PASS">
          <reporter-output>
          </reporter-output>
        </test-method> <!-- beforeTest -->
        <test-method is-config="true" signature="beforeClass()[pri:0, instance:StepDefinition.TestNG_demo_EdgeDriver@48aca48b]" started-at="2023-04-05T22:15:05 IST" name="beforeClass" finished-at="2023-04-05T22:15:05 IST" duration-ms="0" status="PASS">
          <reporter-output>
          </reporter-output>
        </test-method> <!-- beforeClass -->
        <test-method is-config="true" signature="beforeMethod()[pri:0, instance:StepDefinition.TestNG_demo_EdgeDriver@48aca48b]" started-at="2023-04-05T22:15:05 IST" name="beforeMethod" finished-at="2023-04-05T22:15:05 IST" duration-ms="1" status="PASS">
          <reporter-output>
          </reporter-output>
        </test-method> <!-- beforeMethod -->
        <test-method signature="launch_Application()[pri:0, instance:StepDefinition.TestNG_demo_EdgeDriver@48aca48b]" started-at="2023-04-05T22:15:05 IST" name="launch_Application" finished-at="2023-04-05T22:15:11 IST" duration-ms="6177" status="PASS">
          <reporter-output>
            <line>
              <![CDATA[Executing launch_Application]]>
            </line>
          </reporter-output>
        </test-method> <!-- launch_Application -->
        <test-method is-config="true" signature="afterMethod()[pri:0, instance:StepDefinition.TestNG_demo_EdgeDriver@48aca48b]" started-at="2023-04-05T22:15:11 IST" name="afterMethod" finished-at="2023-04-05T22:15:11 IST" duration-ms="1" status="PASS">
          <reporter-output>
          </reporter-output>
        </test-method> <!-- afterMethod -->
        <test-method is-config="true" signature="beforeMethod()[pri:0, instance:StepDefinition.TestNG_demo_EdgeDriver@48aca48b]" started-at="2023-04-05T22:15:11 IST" name="beforeMethod" finished-at="2023-04-05T22:15:11 IST" duration-ms="1" status="PASS">
          <reporter-output>
          </reporter-output>
        </test-method> <!-- beforeMethod -->
        <test-method signature="login()[pri:1, instance:StepDefinition.TestNG_demo_EdgeDriver@48aca48b]" started-at="2023-04-05T22:15:11 IST" name="login" finished-at="2023-04-05T22:15:12 IST" duration-ms="623" status="PASS">
          <reporter-output>
          </reporter-output>
        </test-method> <!-- login -->
        <test-method is-config="true" signature="afterMethod()[pri:0, instance:StepDefinition.TestNG_demo_EdgeDriver@48aca48b]" started-at="2023-04-05T22:15:12 IST" name="afterMethod" finished-at="2023-04-05T22:15:12 IST" duration-ms="1" status="PASS">
          <reporter-output>
          </reporter-output>
        </test-method> <!-- afterMethod -->
        <test-method is-config="true" signature="beforeMethod()[pri:0, instance:StepDefinition.TestNG_demo_EdgeDriver@48aca48b]" started-at="2023-04-05T22:15:12 IST" name="beforeMethod" finished-at="2023-04-05T22:15:12 IST" duration-ms="1" status="PASS">
          <reporter-output>
          </reporter-output>
        </test-method> <!-- beforeMethod -->
        <test-method signature="add_product()[pri:2, instance:StepDefinition.TestNG_demo_EdgeDriver@48aca48b]" started-at="2023-04-05T22:15:12 IST" name="add_product" finished-at="2023-04-05T22:15:19 IST" duration-ms="7355" status="PASS">
          <reporter-output>
            <line>
              <![CDATA[adding product ]]>
            </line>
          </reporter-output>
        </test-method> <!-- add_product -->
        <test-method is-config="true" signature="afterMethod()[pri:0, instance:StepDefinition.TestNG_demo_EdgeDriver@48aca48b]" started-at="2023-04-05T22:15:19 IST" name="afterMethod" finished-at="2023-04-05T22:15:19 IST" duration-ms="0" status="PASS">
          <reporter-output>
          </reporter-output>
        </test-method> <!-- afterMethod -->
        <test-method is-config="true" signature="beforeMethod()[pri:0, instance:StepDefinition.TestNG_demo_EdgeDriver@48aca48b]" started-at="2023-04-05T22:15:19 IST" name="beforeMethod" finished-at="2023-04-05T22:15:19 IST" duration-ms="1" status="PASS">
          <reporter-output>
          </reporter-output>
        </test-method> <!-- beforeMethod -->
        <test-method signature="customer_info()[pri:3, instance:StepDefinition.TestNG_demo_EdgeDriver@48aca48b]" started-at="2023-04-05T22:15:19 IST" name="customer_info" finished-at="2023-04-05T22:15:20 IST" duration-ms="579" status="PASS">
          <reporter-output>
            <line>
              <![CDATA[processing customer_Info]]>
            </line>
          </reporter-output>
        </test-method> <!-- customer_info -->
        <test-method is-config="true" signature="afterMethod()[pri:0, instance:StepDefinition.TestNG_demo_EdgeDriver@48aca48b]" started-at="2023-04-05T22:15:20 IST" name="afterMethod" finished-at="2023-04-05T22:15:20 IST" duration-ms="4" status="PASS">
          <reporter-output>
          </reporter-output>
        </test-method> <!-- afterMethod -->
        <test-method is-config="true" signature="beforeMethod()[pri:0, instance:StepDefinition.TestNG_demo_EdgeDriver@48aca48b]" started-at="2023-04-05T22:15:20 IST" name="beforeMethod" finished-at="2023-04-05T22:15:20 IST" duration-ms="1" status="PASS">
          <reporter-output>
          </reporter-output>
        </test-method> <!-- beforeMethod -->
        <test-method signature="check_out()[pri:4, instance:StepDefinition.TestNG_demo_EdgeDriver@48aca48b]" started-at="2023-04-05T22:15:20 IST" name="check_out" finished-at="2023-04-05T22:15:27 IST" duration-ms="7202" status="PASS">
          <reporter-output>
            <line>
              <![CDATA[processing check_out]]>
            </line>
          </reporter-output>
        </test-method> <!-- check_out -->
        <test-method is-config="true" signature="afterMethod()[pri:0, instance:StepDefinition.TestNG_demo_EdgeDriver@48aca48b]" started-at="2023-04-05T22:15:27 IST" name="afterMethod" finished-at="2023-04-05T22:15:27 IST" duration-ms="5" status="PASS">
          <reporter-output>
          </reporter-output>
        </test-method> <!-- afterMethod -->
        <test-method is-config="true" signature="beforeMethod()[pri:0, instance:StepDefinition.TestNG_demo_EdgeDriver@48aca48b]" started-at="2023-04-05T22:15:27 IST" name="beforeMethod" finished-at="2023-04-05T22:15:27 IST" duration-ms="1" status="PASS">
          <reporter-output>
          </reporter-output>
        </test-method> <!-- beforeMethod -->
        <test-method signature="Logout()[pri:5, instance:StepDefinition.TestNG_demo_EdgeDriver@48aca48b]" started-at="2023-04-05T22:15:27 IST" name="Logout" finished-at="2023-04-05T22:15:31 IST" duration-ms="4197" status="PASS">
          <reporter-output>
            <line>
              <![CDATA[Executing Logout]]>
            </line>
          </reporter-output>
        </test-method> <!-- Logout -->
        <test-method is-config="true" signature="afterMethod()[pri:0, instance:StepDefinition.TestNG_demo_EdgeDriver@48aca48b]" started-at="2023-04-05T22:15:31 IST" name="afterMethod" finished-at="2023-04-05T22:15:31 IST" duration-ms="0" status="PASS">
          <reporter-output>
          </reporter-output>
        </test-method> <!-- afterMethod -->
        <test-method is-config="true" signature="afterClass()[pri:0, instance:StepDefinition.TestNG_demo_EdgeDriver@48aca48b]" started-at="2023-04-05T22:15:31 IST" name="afterClass" finished-at="2023-04-05T22:15:32 IST" duration-ms="495" status="PASS">
          <reporter-output>
          </reporter-output>
        </test-method> <!-- afterClass -->
        <test-method is-config="true" signature="afterTest()[pri:0, instance:StepDefinition.TestNG_demo_EdgeDriver@48aca48b]" started-at="2023-04-05T22:15:32 IST" name="afterTest" finished-at="2023-04-05T22:15:32 IST" duration-ms="1" status="PASS">
          <reporter-output>
          </reporter-output>
        </test-method> <!-- afterTest -->
        <test-method is-config="true" signature="afterSuite()[pri:0, instance:StepDefinition.TestNG_demo_EdgeDriver@48aca48b]" started-at="2023-04-05T22:15:32 IST" name="afterSuite" finished-at="2023-04-05T22:15:32 IST" duration-ms="2" status="PASS">
          <reporter-output>
          </reporter-output>
        </test-method> <!-- afterSuite -->
      </class> <!-- StepDefinition.TestNG_demo_EdgeDriver -->
    </test> <!-- Default test -->
  </suite> <!-- Default suite -->
</testng-results>
